app/manifest-merger-uganda-release-report.txt
-- Merging decision tree log ---
manifest
ADDED from AndroidManifest.xml:2:1
	xmlns:tools
		ADDED from AndroidManifest.xml:3:5
	xmlns:android
		ADDED from AndroidManifest.xml:2:11
	package
		ADDED from AndroidManifest.xml:4:5
		INJECTED from AndroidManifest.xml:0:0
		INJECTED from AndroidManifest.xml:0:0
	android:versionName
		INJECTED from AndroidManifest.xml:0:0
		INJECTED from AndroidManifest.xml:0:0
	android:versionCode
		INJECTED from AndroidManifest.xml:0:0
		INJECTED from AndroidManifest.xml:0:0
uses-sdk
ADDED from AndroidManifest.xml:6:5
MERGED from com.android.support:design:22.2.0:20:5
MERGED from com.android.support:appcompat-v7:22.2.0:20:5
MERGED from com.android.support:support-v4:22.2.0:20:5
MERGED from com.android.support:support-v4:22.2.0:20:5
MERGED from com.android.support:appcompat-v7:22.2.0:20:5
MERGED from com.android.support:support-v4:22.2.0:20:5
MERGED from com.android.support:cardview-v7:22.2.0:20:5
MERGED from com.android.support:recyclerview-v7:22.2.0:20:5
MERGED from com.android.support:support-v4:22.2.0:20:5
MERGED from com.github.curioustechizen.android-ago:library:1.2.0:7:5
MERGED from com.flipboard:bottomsheet-core:1.1.0:5:5
MERGED from com.android.support:support-v4:22.2.0:20:5
MERGED from com.flipboard:bottomsheet-commons:1.1.0:5:5
MERGED from com.android.support:support-v4:22.2.0:20:5
MERGED from com.github.paolorotolo:appintro:1.1.0:7:5
MERGED from com.android.support:support-v4:22.2.0:20:5
MERGED from com.github.codechimp-org.apprater:library:1.0.28:7:5
MERGED from de.psdev.licensesdialog:licensesdialog:1.7.0:18:5
MERGED from com.android.support:support-v4:22.2.0:20:5
MERGED from com.android.support:support-v4:22.2.0:20:5
MERGED from com.google.android.gms:play-services-analytics:7.5.0:18:5
MERGED from com.google.android.gms:play-services-base:7.5.0:18:5
MERGED from com.android.support:support-v4:22.2.0:20:5
MERGED from com.google.android.gms:play-services-gcm:7.5.0:18:5
MERGED from com.google.android.gms:play-services-base:7.5.0:18:5
MERGED from com.android.support:support-v4:22.2.0:20:5
MERGED from com.google.android.gms:play-services-ads:7.5.0:23:5
MERGED from com.google.android.gms:play-services-base:7.5.0:18:5
MERGED from com.android.support:support-v4:22.2.0:20:5
MERGED from com.google.android.gms:play-services-analytics:7.5.0:18:5
MERGED from com.google.android.gms:play-services-base:7.5.0:18:5
MERGED from com.android.support:support-v4:22.2.0:20:5
	android:targetSdkVersion
		INJECTED from AndroidManifest.xml:0:0
		INJECTED from AndroidManifest.xml:0:0
	android:minSdkVersion
		INJECTED from AndroidManifest.xml:0:0
		INJECTED from AndroidManifest.xml:0:0
	tools:overrideLibrary
		ADDED from AndroidManifest.xml:6:15
uses-permission#android.permission.INTERNET
ADDED from AndroidManifest.xml:8:5
MERGED from com.google.android.gms:play-services-analytics:7.5.0:21:5
MERGED from com.google.android.gms:play-services-ads:7.5.0:20:5
MERGED from com.google.android.gms:play-services-analytics:7.5.0:21:5
	android:name
		ADDED from AndroidManifest.xml:8:22
uses-permission#android.permission.READ_SYNC_SETTINGS
ADDED from AndroidManifest.xml:9:5
	android:name
		ADDED from AndroidManifest.xml:9:22
uses-permission#android.permission.WRITE_SYNC_SETTINGS
ADDED from AndroidManifest.xml:10:5
	android:name
		ADDED from AndroidManifest.xml:10:22
uses-permission#android.permission.AUTHENTICATE_ACCOUNTS
ADDED from AndroidManifest.xml:11:5
	android:name
		ADDED from AndroidManifest.xml:11:22
uses-permission#android.permission.GET_ACCOUNTS
ADDED from AndroidManifest.xml:12:5
	android:name
		ADDED from AndroidManifest.xml:12:22
uses-permission#android.permission.USE_CREDENTIALS
ADDED from AndroidManifest.xml:13:5
	android:name
		ADDED from AndroidManifest.xml:13:22
uses-permission#android.permission.ACCESS_NETWORK_STATE
ADDED from AndroidManifest.xml:14:5
MERGED from com.google.android.gms:play-services-analytics:7.5.0:22:5
MERGED from com.google.android.gms:play-services-ads:7.5.0:21:5
MERGED from com.google.android.gms:play-services-analytics:7.5.0:22:5
	android:name
		ADDED from AndroidManifest.xml:14:22
uses-permission#android.permission.WAKE_LOCK
ADDED from AndroidManifest.xml:17:5
	android:name
		ADDED from AndroidManifest.xml:17:22
application
ADDED from AndroidManifest.xml:19:5
MERGED from com.android.support:design:22.2.0:22:5
MERGED from com.android.support:appcompat-v7:22.2.0:22:5
MERGED from com.android.support:support-v4:22.2.0:22:5
MERGED from com.android.support:support-v4:22.2.0:22:5
MERGED from com.android.support:appcompat-v7:22.2.0:22:5
MERGED from com.android.support:support-v4:22.2.0:22:5
MERGED from com.android.support:cardview-v7:22.2.0:22:5
MERGED from com.android.support:support-v4:22.2.0:22:5
MERGED from com.github.curioustechizen.android-ago:library:1.2.0:11:5
MERGED from com.flipboard:bottomsheet-core:1.1.0:9:5
MERGED from com.android.support:support-v4:22.2.0:22:5
MERGED from com.flipboard:bottomsheet-commons:1.1.0:9:5
MERGED from com.android.support:support-v4:22.2.0:22:5
MERGED from com.android.support:support-v4:22.2.0:22:5
MERGED from de.psdev.licensesdialog:licensesdialog:1.7.0:19:5
MERGED from com.android.support:support-v4:22.2.0:22:5
MERGED from com.android.support:support-v4:22.2.0:22:5
MERGED from com.google.android.gms:play-services-analytics:7.5.0:24:5
MERGED from com.google.android.gms:play-services-base:7.5.0:20:5
MERGED from com.android.support:support-v4:22.2.0:22:5
MERGED from com.google.android.gms:play-services-gcm:7.5.0:19:5
MERGED from com.google.android.gms:play-services-base:7.5.0:20:5
MERGED from com.android.support:support-v4:22.2.0:22:5
MERGED from com.google.android.gms:play-services-ads:7.5.0:24:5
MERGED from com.google.android.gms:play-services-base:7.5.0:20:5
MERGED from com.android.support:support-v4:22.2.0:22:5
MERGED from com.google.android.gms:play-services-analytics:7.5.0:24:5
MERGED from com.google.android.gms:play-services-base:7.5.0:20:5
MERGED from com.android.support:support-v4:22.2.0:22:5
	android:label
		ADDED from AndroidManifest.xml:22:9
	android:allowBackup
		ADDED from AndroidManifest.xml:20:9
	android:icon
		ADDED from AndroidManifest.xml:21:9
		REJECTED from com.github.curioustechizen.android-ago:library:1.2.0:13:9
	android:theme
		ADDED from AndroidManifest.xml:23:9
		REJECTED from com.github.curioustechizen.android-ago:library:1.2.0:15:9
	tools:replace
		ADDED from AndroidManifest.xml:24:9
meta-data#com.google.android.gms.version
ADDED from AndroidManifest.xml:27:9
MERGED from com.google.android.gms:play-services-base:7.5.0:21:9
MERGED from com.google.android.gms:play-services-base:7.5.0:21:9
MERGED from com.google.android.gms:play-services-base:7.5.0:21:9
MERGED from com.google.android.gms:play-services-base:7.5.0:21:9
	android:name
		ADDED from AndroidManifest.xml:28:13
	android:value
		ADDED from AndroidManifest.xml:29:13
receiver#com.google.android.gms.analytics.AnalyticsReceiver
ADDED from AndroidManifest.xml:35:9
	android:enabled
		ADDED from AndroidManifest.xml:37:13
	android:name
		ADDED from AndroidManifest.xml:36:13
intent-filter#com.google.android.gms.analytics.ANALYTICS_DISPATCH
ADDED from AndroidManifest.xml:38:13
action#com.google.android.gms.analytics.ANALYTICS_DISPATCH
ADDED from AndroidManifest.xml:39:17
	android:name
		ADDED from AndroidManifest.xml:39:25
service#com.google.android.gms.analytics.AnalyticsService
ADDED from AndroidManifest.xml:43:9
	android:exported
		ADDED from AndroidManifest.xml:46:13
	android:enabled
		ADDED from AndroidManifest.xml:45:13
	android:name
		ADDED from AndroidManifest.xml:44:13
receiver#com.google.android.gms.analytics.CampaignTrackingReceiver
ADDED from AndroidManifest.xml:52:9
	android:exported
		ADDED from AndroidManifest.xml:54:13
	android:name
		ADDED from AndroidManifest.xml:53:13
intent-filter#com.android.vending.INSTALL_REFERRER
ADDED from AndroidManifest.xml:55:13
action#com.android.vending.INSTALL_REFERRER
ADDED from AndroidManifest.xml:56:17
	android:name
		ADDED from AndroidManifest.xml:56:25
service#com.google.android.gms.analytics.CampaignTrackingService
ADDED from AndroidManifest.xml:60:9
	android:name
		ADDED from AndroidManifest.xml:60:18
provider#io.aggreg.app.provider.AggregioProvider
ADDED from AndroidManifest.xml:63:9
	android:exported
		ADDED from AndroidManifest.xml:66:13
	android:authorities
		ADDED from AndroidManifest.xml:65:13
		INJECTED from AndroidManifest.xml:0:0
	android:name
		ADDED from AndroidManifest.xml:64:13
service#io.aggreg.app.sync.AuthenticatorService
ADDED from AndroidManifest.xml:68:9
	android:name
		ADDED from AndroidManifest.xml:68:18
intent-filter#android.accounts.AccountAuthenticator
ADDED from AndroidManifest.xml:69:13
action#android.accounts.AccountAuthenticator
ADDED from AndroidManifest.xml:70:17
	android:name
		ADDED from AndroidManifest.xml:70:25
meta-data#android.accounts.AccountAuthenticator
ADDED from AndroidManifest.xml:73:13
	android:resource
		ADDED from AndroidManifest.xml:75:17
	android:name
		ADDED from AndroidManifest.xml:74:17
service#io.aggreg.app.sync.SyncService
ADDED from AndroidManifest.xml:77:9
	android:process
		ADDED from AndroidManifest.xml:80:13
	android:exported
		ADDED from AndroidManifest.xml:79:13
	android:name
		ADDED from AndroidManifest.xml:78:13
intent-filter#android.content.SyncAdapter
ADDED from AndroidManifest.xml:81:13
action#android.content.SyncAdapter
ADDED from AndroidManifest.xml:82:17
	android:name
		ADDED from AndroidManifest.xml:82:25
meta-data#android.content.SyncAdapter
ADDED from AndroidManifest.xml:85:13
	android:resource
		ADDED from AndroidManifest.xml:87:17
	android:name
		ADDED from AndroidManifest.xml:86:17
activity#io.aggreg.app.ui.SettingsActivity
ADDED from AndroidManifest.xml:90:9
	android:label
		ADDED from AndroidManifest.xml:92:13
	android:parentActivityName
		ADDED from AndroidManifest.xml:93:13
	android:name
		ADDED from AndroidManifest.xml:91:13
meta-data#android.support.PARENT_ACTIVITY
ADDED from AndroidManifest.xml:96:9
	android:name
		ADDED from AndroidManifest.xml:97:13
	android:value
		ADDED from AndroidManifest.xml:98:13
activity#io.aggreg.app.ui.ArticleDetailActivity
ADDED from AndroidManifest.xml:100:9
	android:parentActivityName
		ADDED from AndroidManifest.xml:102:13
	android:name
		ADDED from AndroidManifest.xml:101:13
activity#io.aggreg.app.ui.PublisherActivity
ADDED from AndroidManifest.xml:107:9
	android:label
		ADDED from AndroidManifest.xml:109:13
	android:theme
		ADDED from AndroidManifest.xml:111:13
	android:parentActivityName
		ADDED from AndroidManifest.xml:110:13
	android:name
		ADDED from AndroidManifest.xml:108:13
activity#io.aggreg.app.ui.BookmarksActivity
ADDED from AndroidManifest.xml:116:9
	android:label
		ADDED from AndroidManifest.xml:118:13
	android:theme
		ADDED from AndroidManifest.xml:120:13
	android:parentActivityName
		ADDED from AndroidManifest.xml:119:13
	android:name
		ADDED from AndroidManifest.xml:117:13
activity#io.aggreg.app.ui.MainActivity
ADDED from AndroidManifest.xml:125:9
	android:label
		ADDED from AndroidManifest.xml:127:13
	android:name
		ADDED from AndroidManifest.xml:126:13
activity#io.aggreg.app.ui.IntroActivity
ADDED from AndroidManifest.xml:129:9
	android:label
		ADDED from AndroidManifest.xml:131:13
	android:name
		ADDED from AndroidManifest.xml:130:13
activity#io.aggreg.app.ui.SplashscreenActivity
ADDED from AndroidManifest.xml:133:9
	android:label
		ADDED from AndroidManifest.xml:136:13
	android:configChanges
		ADDED from AndroidManifest.xml:135:13
	android:theme
		ADDED from AndroidManifest.xml:137:13
	android:name
		ADDED from AndroidManifest.xml:134:13
intent-filter#android.intent.action.MAIN+android.intent.category.LAUNCHER
ADDED from AndroidManifest.xml:138:13
action#android.intent.action.MAIN
ADDED from AndroidManifest.xml:139:17
	android:name
		ADDED from AndroidManifest.xml:139:25
category#android.intent.category.LAUNCHER
ADDED from AndroidManifest.xml:141:17
	android:name
		ADDED from AndroidManifest.xml:141:27
activity#com.google.android.gms.ads.AdActivity
ADDED from AndroidManifest.xml:145:9
MERGED from com.google.android.gms:play-services-ads:7.5.0:26:9
	android:configChanges
		ADDED from AndroidManifest.xml:147:13
	android:theme
		ADDED from AndroidManifest.xml:148:13
	android:name
		ADDED from AndroidManifest.xml:146:13
activity#io.aggreg.app.ui.PublisherArticlesActivity
ADDED from AndroidManifest.xml:149:9
	android:label
		ADDED from AndroidManifest.xml:151:13
	android:name
		ADDED from AndroidManifest.xml:150:13
activity#com.google.android.gms.ads.purchase.InAppPurchaseActivity
ADDED from com.google.android.gms:play-services-ads:7.5.0:30:9
	android:theme
		ADDED from com.google.android.gms:play-services-ads:7.5.0:31:13
	android:name
		ADDED from com.google.android.gms:play-services-ads:7.5.0:30:19